<?xml version="1.0" encoding="UTF-8"?>
<testsuite xmlns:xsi="http://www.w3.org/2001/XMLSchema-instance" xsi:noNamespaceSchemaLocation="https://maven.apache.org/surefire/maven-surefire-plugin/xsd/surefire-test-report-3.0.xsd" version="3.0" name="TestRunner.Run" time="5.534" tests="6" errors="0" skipped="0" failures="6">
  <properties>
[...]
</properties>
  <testcase name="Add a new Customer" classname="Customer" time="2.36">
    <failure message="Multiple Failures (2 failures)&#10;	org.openqa.selenium.SessionNotCreatedException: Could not start a new session. Response code 500. Message: session not created: Microsoft Edge failed to start: crashed.&#10;  (session not created: DevToolsActivePort file doesn&apos;t exist)&#10;  (The process started from msedge location C:\Program Files (x86)\Microsoft\Edge\Application\msedge.exe is no longer running, so msedgedriver is assuming that msedge has crashed.) &#10;Host info: host: &apos;DESKTOP-QBSHGH8&apos;, ip: &apos;192.168.1.5&apos;&#10;Build info: version: &apos;4.15.0&apos;, revision: &apos;1d14b5521b&apos;&#10;System info: os.name: &apos;Windows 10&apos;, os.arch: &apos;amd64&apos;, os.version: &apos;10.0&apos;, java.version: &apos;17.0.9&apos;&#10;Driver info: org.openqa.selenium.edge.EdgeDriver&#10;Command: [null, newSession {capabilities=[Capabilities {browserName: MicrosoftEdge, ms:edgeOptions: {args: [], binary: C:\Program Files (x86)\Micr..., extensions: []}}]}]&#10;	java.lang.NullPointerException: Cannot invoke &quot;org.openqa.selenium.TakesScreenshot.getScreenshotAs(org.openqa.selenium.OutputType)&quot; because &quot;ts&quot; is null" type="org.opentest4j.MultipleFailuresError"><![CDATA[org.opentest4j.MultipleFailuresError: 
Multiple Failures (2 failures)
	org.openqa.selenium.SessionNotCreatedException: Could not start a new session. Response code 500. Message: session not created: Microsoft Edge failed to start: crashed.
  (session not created: DevToolsActivePort file doesn't exist)
  (The process started from msedge location C:\Program Files (x86)\Microsoft\Edge\Application\msedge.exe is no longer running, so msedgedriver is assuming that msedge has crashed.) 
Host info: host: 'DESKTOP-QBSHGH8', ip: '192.168.1.5'
Build info: version: '4.15.0', revision: '1d14b5521b'
System info: os.name: 'Windows 10', os.arch: 'amd64', os.version: '10.0', java.version: '17.0.9'
Driver info: org.openqa.selenium.edge.EdgeDriver
Command: [null, newSession {capabilities=[Capabilities {browserName: MicrosoftEdge, ms:edgeOptions: {args: [], binary: C:\Program Files (x86)\Micr..., extensions: []}}]}]
	java.lang.NullPointerException: Cannot invoke "org.openqa.selenium.TakesScreenshot.getScreenshotAs(org.openqa.selenium.OutputType)" because "ts" is null
	at io.cucumber.junit.FeatureRunner.runChild(FeatureRunner.java:150)
	at io.cucumber.junit.FeatureRunner.runChild(FeatureRunner.java:28)
	at io.cucumber.junit.FeatureRunner.run(FeatureRunner.java:137)
	at io.cucumber.junit.Cucumber.runChild(Cucumber.java:196)
	at io.cucumber.junit.Cucumber.runChild(Cucumber.java:89)
	at io.cucumber.core.runtime.CucumberExecutionContext.lambda$runFeatures$6(CucumberExecutionContext.java:148)
	at io.cucumber.core.runtime.CucumberExecutionContext.execute(CucumberExecutionContext.java:163)
	at io.cucumber.core.runtime.CucumberExecutionContext.runFeatures(CucumberExecutionContext.java:146)
	at io.cucumber.junit.Cucumber$StartAndFinishTestRun.evaluate(Cucumber.java:226)
	Suppressed: org.openqa.selenium.SessionNotCreatedException: Could not start a new session. Response code 500. Message: session not created: Microsoft Edge failed to start: crashed.
  (session not created: DevToolsActivePort file doesn't exist)
  (The process started from msedge location C:\Program Files (x86)\Microsoft\Edge\Application\msedge.exe is no longer running, so msedgedriver is assuming that msedge has crashed.) 
Host info: host: 'DESKTOP-QBSHGH8', ip: '192.168.1.5'
Build info: version: '4.15.0', revision: '1d14b5521b'
System info: os.name: 'Windows 10', os.arch: 'amd64', os.version: '10.0', java.version: '17.0.9'
Driver info: org.openqa.selenium.edge.EdgeDriver
Command: [null, newSession {capabilities=[Capabilities {browserName: MicrosoftEdge, ms:edgeOptions: {args: [], binary: C:\Program Files (x86)\Micr..., extensions: []}}]}]
		at org.openqa.selenium.remote.ProtocolHandshake.createSession(ProtocolHandshake.java:140)
		at org.openqa.selenium.remote.ProtocolHandshake.createSession(ProtocolHandshake.java:96)
		at org.openqa.selenium.remote.ProtocolHandshake.createSession(ProtocolHandshake.java:68)
		at org.openqa.selenium.remote.HttpCommandExecutor.execute(HttpCommandExecutor.java:163)
		at org.openqa.selenium.remote.service.DriverCommandExecutor.invokeExecute(DriverCommandExecutor.java:200)
		at org.openqa.selenium.remote.service.DriverCommandExecutor.execute(DriverCommandExecutor.java:175)
		at org.openqa.selenium.remote.RemoteWebDriver.execute(RemoteWebDriver.java:607)
		at org.openqa.selenium.remote.RemoteWebDriver.startSession(RemoteWebDriver.java:241)
		at org.openqa.selenium.remote.RemoteWebDriver.<init>(RemoteWebDriver.java:168)
		at org.openqa.selenium.chromium.ChromiumDriver.<init>(ChromiumDriver.java:108)
		at org.openqa.selenium.edge.EdgeDriver.<init>(EdgeDriver.java:61)
		at org.openqa.selenium.edge.EdgeDriver.<init>(EdgeDriver.java:57)
		at org.openqa.selenium.edge.EdgeDriver.<init>(EdgeDriver.java:49)
		at org.openqa.selenium.edge.EdgeDriver.<init>(EdgeDriver.java:45)
		at StepDefinition.StepDefinition.setup(StepDefinition.java:38)
	Suppressed: java.lang.NullPointerException: Cannot invoke "org.openqa.selenium.TakesScreenshot.getScreenshotAs(org.openqa.selenium.OutputType)" because "ts" is null
		at StepDefinition.StepDefinition.tearDown(StepDefinition.java:52)
]]></failure>
    <system-out><![CDATA[
@Sanity @Regression
Scenario: Add a new Customer                                                              # Features/CreateCustomerFeature.feature:11
      org.openqa.selenium.SessionNotCreatedException: Could not start a new session. Response code 500. Message: session not created: Microsoft Edge failed to start: crashed.
  (session not created: DevToolsActivePort file doesn't exist)
  (The process started from msedge location C:\Program Files (x86)\Microsoft\Edge\Application\msedge.exe is no longer running, so msedgedriver is assuming that msedge has crashed.) 
Host info: host: 'DESKTOP-QBSHGH8', ip: '192.168.1.5'
Build info: version: '4.15.0', revision: '1d14b5521b'
System info: os.name: 'Windows 10', os.arch: 'amd64', os.version: '10.0', java.version: '17.0.9'
Driver info: org.openqa.selenium.edge.EdgeDriver
Command: [null, newSession {capabilities=[Capabilities {browserName: MicrosoftEdge, ms:edgeOptions: {args: [], binary: C:\Program Files (x86)\Micr..., extensions: []}}]}]
	at org.openqa.selenium.remote.ProtocolHandshake.createSession(ProtocolHandshake.java:140)
	at org.openqa.selenium.remote.ProtocolHandshake.createSession(ProtocolHandshake.java:96)
	at org.openqa.selenium.remote.ProtocolHandshake.createSession(ProtocolHandshake.java:68)
	at org.openqa.selenium.remote.HttpCommandExecutor.execute(HttpCommandExecutor.java:163)
	at org.openqa.selenium.remote.service.DriverCommandExecutor.invokeExecute(DriverCommandExecutor.java:200)
	at org.openqa.selenium.remote.service.DriverCommandExecutor.execute(DriverCommandExecutor.java:175)
	at org.openqa.selenium.remote.RemoteWebDriver.execute(RemoteWebDriver.java:607)
	at org.openqa.selenium.remote.RemoteWebDriver.startSession(RemoteWebDriver.java:241)
	at org.openqa.selenium.remote.RemoteWebDriver.<init>(RemoteWebDriver.java:168)
	at org.openqa.selenium.chromium.ChromiumDriver.<init>(ChromiumDriver.java:108)
	at org.openqa.selenium.edge.EdgeDriver.<init>(EdgeDriver.java:61)
	at org.openqa.selenium.edge.EdgeDriver.<init>(EdgeDriver.java:57)
	at org.openqa.selenium.edge.EdgeDriver.<init>(EdgeDriver.java:49)
	at org.openqa.selenium.edge.EdgeDriver.<init>(EdgeDriver.java:45)
	at StepDefinition.StepDefinition.setup(StepDefinition.java:38)

  Given User launch Chrome browser                                                        # StepDefinition.StepDefinition.user_launch_chrome_browser()
  When User opens URL "https://admin-demo.nopcommerce.com/login"                          # StepDefinition.StepDefinition.user_opens_url(java.lang.String)
  And User enters Email as "admin@yourstore.com" and Password as "admin"                  # StepDefinition.StepDefinition.user_enters_email_as_and_password_as(java.lang.String,java.lang.String)
  And User clicks on Login button                                                         # StepDefinition.StepDefinition.user_clicks_on_login_button()
  Then User can view Dashboard                                                            # StepDefinition.StepDefinition.user_can_view_dashboard()
  When User clicks on Customers menu                                                      # StepDefinition.StepDefinition.user_clicks_on_customers_menu()
  And Click on Customers Menu item                                                        # StepDefinition.StepDefinition.click_on_customers_menu_item()
  And Click on Add New button                                                             # StepDefinition.StepDefinition.click_on_add_new_button()
  Then User can view Add A new Customer page                                              # StepDefinition.StepDefinition.user_can_view_add_a_new_customer_page()
  When User enter Customer info                                                           # StepDefinition.StepDefinition.user_enter_customer_info()
  And Click on Save button                                                                # StepDefinition.StepDefinition.click_on_save_button()
  Then User can view confirmation message "The new customer has been added successfully." # StepDefinition.StepDefinition.user_can_view_confirmation_message(java.lang.String)
  And Close browser                                                                       # StepDefinition.StepDefinition.close_browser()
      java.lang.NullPointerException: Cannot invoke "org.openqa.selenium.TakesScreenshot.getScreenshotAs(org.openqa.selenium.OutputType)" because "ts" is null
	at StepDefinition.StepDefinition.tearDown(StepDefinition.java:52)

]]></system-out>
  </testcase>
  <testcase name="Search Customer by Email" classname="Customer" time="0.522">
    <failure message="Multiple Failures (2 failures)&#10;	org.openqa.selenium.SessionNotCreatedException: Could not start a new session. Response code 500. Message: session not created: Microsoft Edge failed to start: crashed.&#10;  (session not created: DevToolsActivePort file doesn&apos;t exist)&#10;  (The process started from msedge location C:\Program Files (x86)\Microsoft\Edge\Application\msedge.exe is no longer running, so msedgedriver is assuming that msedge has crashed.) &#10;Host info: host: &apos;DESKTOP-QBSHGH8&apos;, ip: &apos;192.168.1.5&apos;&#10;Build info: version: &apos;4.15.0&apos;, revision: &apos;1d14b5521b&apos;&#10;System info: os.name: &apos;Windows 10&apos;, os.arch: &apos;amd64&apos;, os.version: &apos;10.0&apos;, java.version: &apos;17.0.9&apos;&#10;Driver info: org.openqa.selenium.edge.EdgeDriver&#10;Command: [null, newSession {capabilities=[Capabilities {browserName: MicrosoftEdge, ms:edgeOptions: {args: [], binary: C:\Program Files (x86)\Micr..., extensions: []}}]}]&#10;	java.lang.NullPointerException: Cannot invoke &quot;org.openqa.selenium.TakesScreenshot.getScreenshotAs(org.openqa.selenium.OutputType)&quot; because &quot;ts&quot; is null" type="org.opentest4j.MultipleFailuresError"><![CDATA[org.opentest4j.MultipleFailuresError: 
Multiple Failures (2 failures)
	org.openqa.selenium.SessionNotCreatedException: Could not start a new session. Response code 500. Message: session not created: Microsoft Edge failed to start: crashed.
  (session not created: DevToolsActivePort file doesn't exist)
  (The process started from msedge location C:\Program Files (x86)\Microsoft\Edge\Application\msedge.exe is no longer running, so msedgedriver is assuming that msedge has crashed.) 
Host info: host: 'DESKTOP-QBSHGH8', ip: '192.168.1.5'
Build info: version: '4.15.0', revision: '1d14b5521b'
System info: os.name: 'Windows 10', os.arch: 'amd64', os.version: '10.0', java.version: '17.0.9'
Driver info: org.openqa.selenium.edge.EdgeDriver
Command: [null, newSession {capabilities=[Capabilities {browserName: MicrosoftEdge, ms:edgeOptions: {args: [], binary: C:\Program Files (x86)\Micr..., extensions: []}}]}]
	java.lang.NullPointerException: Cannot invoke "org.openqa.selenium.TakesScreenshot.getScreenshotAs(org.openqa.selenium.OutputType)" because "ts" is null
	at io.cucumber.junit.FeatureRunner.runChild(FeatureRunner.java:150)
	at io.cucumber.junit.FeatureRunner.runChild(FeatureRunner.java:28)
	at io.cucumber.junit.FeatureRunner.run(FeatureRunner.java:137)
	at io.cucumber.junit.Cucumber.runChild(Cucumber.java:196)
	at io.cucumber.junit.Cucumber.runChild(Cucumber.java:89)
	at io.cucumber.core.runtime.CucumberExecutionContext.lambda$runFeatures$6(CucumberExecutionContext.java:148)
	at io.cucumber.core.runtime.CucumberExecutionContext.execute(CucumberExecutionContext.java:163)
	at io.cucumber.core.runtime.CucumberExecutionContext.runFeatures(CucumberExecutionContext.java:146)
	at io.cucumber.junit.Cucumber$StartAndFinishTestRun.evaluate(Cucumber.java:226)
	Suppressed: org.openqa.selenium.SessionNotCreatedException: Could not start a new session. Response code 500. Message: session not created: Microsoft Edge failed to start: crashed.
  (session not created: DevToolsActivePort file doesn't exist)
  (The process started from msedge location C:\Program Files (x86)\Microsoft\Edge\Application\msedge.exe is no longer running, so msedgedriver is assuming that msedge has crashed.) 
Host info: host: 'DESKTOP-QBSHGH8', ip: '192.168.1.5'
Build info: version: '4.15.0', revision: '1d14b5521b'
System info: os.name: 'Windows 10', os.arch: 'amd64', os.version: '10.0', java.version: '17.0.9'
Driver info: org.openqa.selenium.edge.EdgeDriver
Command: [null, newSession {capabilities=[Capabilities {browserName: MicrosoftEdge, ms:edgeOptions: {args: [], binary: C:\Program Files (x86)\Micr..., extensions: []}}]}]
		at org.openqa.selenium.remote.ProtocolHandshake.createSession(ProtocolHandshake.java:140)
		at org.openqa.selenium.remote.ProtocolHandshake.createSession(ProtocolHandshake.java:96)
		at org.openqa.selenium.remote.ProtocolHandshake.createSession(ProtocolHandshake.java:68)
		at org.openqa.selenium.remote.HttpCommandExecutor.execute(HttpCommandExecutor.java:163)
		at org.openqa.selenium.remote.service.DriverCommandExecutor.invokeExecute(DriverCommandExecutor.java:200)
		at org.openqa.selenium.remote.service.DriverCommandExecutor.execute(DriverCommandExecutor.java:175)
		at org.openqa.selenium.remote.RemoteWebDriver.execute(RemoteWebDriver.java:607)
		at org.openqa.selenium.remote.RemoteWebDriver.startSession(RemoteWebDriver.java:241)
		at org.openqa.selenium.remote.RemoteWebDriver.<init>(RemoteWebDriver.java:168)
		at org.openqa.selenium.chromium.ChromiumDriver.<init>(ChromiumDriver.java:108)
		at org.openqa.selenium.edge.EdgeDriver.<init>(EdgeDriver.java:61)
		at org.openqa.selenium.edge.EdgeDriver.<init>(EdgeDriver.java:57)
		at org.openqa.selenium.edge.EdgeDriver.<init>(EdgeDriver.java:49)
		at org.openqa.selenium.edge.EdgeDriver.<init>(EdgeDriver.java:45)
		at StepDefinition.StepDefinition.setup(StepDefinition.java:38)
	Suppressed: java.lang.NullPointerException: Cannot invoke "org.openqa.selenium.TakesScreenshot.getScreenshotAs(org.openqa.selenium.OutputType)" because "ts" is null
		at StepDefinition.StepDefinition.tearDown(StepDefinition.java:52)
]]></failure>
    <system-out><![CDATA[
@Regression
Scenario: Search Customer by Email                                       # Features/CreateCustomerFeature.feature:22
      org.openqa.selenium.SessionNotCreatedException: Could not start a new session. Response code 500. Message: session not created: Microsoft Edge failed to start: crashed.
  (session not created: DevToolsActivePort file doesn't exist)
  (The process started from msedge location C:\Program Files (x86)\Microsoft\Edge\Application\msedge.exe is no longer running, so msedgedriver is assuming that msedge has crashed.) 
Host info: host: 'DESKTOP-QBSHGH8', ip: '192.168.1.5'
Build info: version: '4.15.0', revision: '1d14b5521b'
System info: os.name: 'Windows 10', os.arch: 'amd64', os.version: '10.0', java.version: '17.0.9'
Driver info: org.openqa.selenium.edge.EdgeDriver
Command: [null, newSession {capabilities=[Capabilities {browserName: MicrosoftEdge, ms:edgeOptions: {args: [], binary: C:\Program Files (x86)\Micr..., extensions: []}}]}]
	at org.openqa.selenium.remote.ProtocolHandshake.createSession(ProtocolHandshake.java:140)
	at org.openqa.selenium.remote.ProtocolHandshake.createSession(ProtocolHandshake.java:96)
	at org.openqa.selenium.remote.ProtocolHandshake.createSession(ProtocolHandshake.java:68)
	at org.openqa.selenium.remote.HttpCommandExecutor.execute(HttpCommandExecutor.java:163)
	at org.openqa.selenium.remote.service.DriverCommandExecutor.invokeExecute(DriverCommandExecutor.java:200)
	at org.openqa.selenium.remote.service.DriverCommandExecutor.execute(DriverCommandExecutor.java:175)
	at org.openqa.selenium.remote.RemoteWebDriver.execute(RemoteWebDriver.java:607)
	at org.openqa.selenium.remote.RemoteWebDriver.startSession(RemoteWebDriver.java:241)
	at org.openqa.selenium.remote.RemoteWebDriver.<init>(RemoteWebDriver.java:168)
	at org.openqa.selenium.chromium.ChromiumDriver.<init>(ChromiumDriver.java:108)
	at org.openqa.selenium.edge.EdgeDriver.<init>(EdgeDriver.java:61)
	at org.openqa.selenium.edge.EdgeDriver.<init>(EdgeDriver.java:57)
	at org.openqa.selenium.edge.EdgeDriver.<init>(EdgeDriver.java:49)
	at org.openqa.selenium.edge.EdgeDriver.<init>(EdgeDriver.java:45)
	at StepDefinition.StepDefinition.setup(StepDefinition.java:38)

  Given User launch Chrome browser                                       # StepDefinition.StepDefinition.user_launch_chrome_browser()
  When User opens URL "https://admin-demo.nopcommerce.com/login"         # StepDefinition.StepDefinition.user_opens_url(java.lang.String)
  And User enters Email as "admin@yourstore.com" and Password as "admin" # StepDefinition.StepDefinition.user_enters_email_as_and_password_as(java.lang.String,java.lang.String)
  And User clicks on Login button                                        # StepDefinition.StepDefinition.user_clicks_on_login_button()
  Then User can view Dashboard                                           # StepDefinition.StepDefinition.user_can_view_dashboard()
  When User clicks on Customers menu                                     # StepDefinition.StepDefinition.user_clicks_on_customers_menu()
  And Click on Customers Menu item                                       # StepDefinition.StepDefinition.click_on_customers_menu_item()
  And Enter Customer Email in search section                             # StepDefinition.StepDefinition.enter_customer_email_in_search_section()
  When Click on search button                                            # StepDefinition.StepDefinition.click_on_search_button()
  Then User should found desired Email in search result table            # StepDefinition.StepDefinition.user_should_found_desired_email_in_search_result_table()
  And Close browser                                                      # StepDefinition.StepDefinition.close_browser()
      java.lang.NullPointerException: Cannot invoke "org.openqa.selenium.TakesScreenshot.getScreenshotAs(org.openqa.selenium.OutputType)" because "ts" is null
	at StepDefinition.StepDefinition.tearDown(StepDefinition.java:52)

]]></system-out>
  </testcase>
  <testcase name="Search Customer by Name" classname="Customer" time="0.612">
    <failure message="Multiple Failures (2 failures)&#10;	org.openqa.selenium.SessionNotCreatedException: Could not start a new session. Response code 500. Message: session not created: Microsoft Edge failed to start: crashed.&#10;  (session not created: DevToolsActivePort file doesn&apos;t exist)&#10;  (The process started from msedge location C:\Program Files (x86)\Microsoft\Edge\Application\msedge.exe is no longer running, so msedgedriver is assuming that msedge has crashed.) &#10;Host info: host: &apos;DESKTOP-QBSHGH8&apos;, ip: &apos;192.168.1.5&apos;&#10;Build info: version: &apos;4.15.0&apos;, revision: &apos;1d14b5521b&apos;&#10;System info: os.name: &apos;Windows 10&apos;, os.arch: &apos;amd64&apos;, os.version: &apos;10.0&apos;, java.version: &apos;17.0.9&apos;&#10;Driver info: org.openqa.selenium.edge.EdgeDriver&#10;Command: [null, newSession {capabilities=[Capabilities {browserName: MicrosoftEdge, ms:edgeOptions: {args: [], binary: C:\Program Files (x86)\Micr..., extensions: []}}]}]&#10;	java.lang.NullPointerException: Cannot invoke &quot;org.openqa.selenium.TakesScreenshot.getScreenshotAs(org.openqa.selenium.OutputType)&quot; because &quot;ts&quot; is null" type="org.opentest4j.MultipleFailuresError"><![CDATA[org.opentest4j.MultipleFailuresError: 
Multiple Failures (2 failures)
	org.openqa.selenium.SessionNotCreatedException: Could not start a new session. Response code 500. Message: session not created: Microsoft Edge failed to start: crashed.
  (session not created: DevToolsActivePort file doesn't exist)
  (The process started from msedge location C:\Program Files (x86)\Microsoft\Edge\Application\msedge.exe is no longer running, so msedgedriver is assuming that msedge has crashed.) 
Host info: host: 'DESKTOP-QBSHGH8', ip: '192.168.1.5'
Build info: version: '4.15.0', revision: '1d14b5521b'
System info: os.name: 'Windows 10', os.arch: 'amd64', os.version: '10.0', java.version: '17.0.9'
Driver info: org.openqa.selenium.edge.EdgeDriver
Command: [null, newSession {capabilities=[Capabilities {browserName: MicrosoftEdge, ms:edgeOptions: {args: [], binary: C:\Program Files (x86)\Micr..., extensions: []}}]}]
	java.lang.NullPointerException: Cannot invoke "org.openqa.selenium.TakesScreenshot.getScreenshotAs(org.openqa.selenium.OutputType)" because "ts" is null
	at io.cucumber.junit.FeatureRunner.runChild(FeatureRunner.java:150)
	at io.cucumber.junit.FeatureRunner.runChild(FeatureRunner.java:28)
	at io.cucumber.junit.FeatureRunner.run(FeatureRunner.java:137)
	at io.cucumber.junit.Cucumber.runChild(Cucumber.java:196)
	at io.cucumber.junit.Cucumber.runChild(Cucumber.java:89)
	at io.cucumber.core.runtime.CucumberExecutionContext.lambda$runFeatures$6(CucumberExecutionContext.java:148)
	at io.cucumber.core.runtime.CucumberExecutionContext.execute(CucumberExecutionContext.java:163)
	at io.cucumber.core.runtime.CucumberExecutionContext.runFeatures(CucumberExecutionContext.java:146)
	at io.cucumber.junit.Cucumber$StartAndFinishTestRun.evaluate(Cucumber.java:226)
	Suppressed: org.openqa.selenium.SessionNotCreatedException: Could not start a new session. Response code 500. Message: session not created: Microsoft Edge failed to start: crashed.
  (session not created: DevToolsActivePort file doesn't exist)
  (The process started from msedge location C:\Program Files (x86)\Microsoft\Edge\Application\msedge.exe is no longer running, so msedgedriver is assuming that msedge has crashed.) 
Host info: host: 'DESKTOP-QBSHGH8', ip: '192.168.1.5'
Build info: version: '4.15.0', revision: '1d14b5521b'
System info: os.name: 'Windows 10', os.arch: 'amd64', os.version: '10.0', java.version: '17.0.9'
Driver info: org.openqa.selenium.edge.EdgeDriver
Command: [null, newSession {capabilities=[Capabilities {browserName: MicrosoftEdge, ms:edgeOptions: {args: [], binary: C:\Program Files (x86)\Micr..., extensions: []}}]}]
		at org.openqa.selenium.remote.ProtocolHandshake.createSession(ProtocolHandshake.java:140)
		at org.openqa.selenium.remote.ProtocolHandshake.createSession(ProtocolHandshake.java:96)
		at org.openqa.selenium.remote.ProtocolHandshake.createSession(ProtocolHandshake.java:68)
		at org.openqa.selenium.remote.HttpCommandExecutor.execute(HttpCommandExecutor.java:163)
		at org.openqa.selenium.remote.service.DriverCommandExecutor.invokeExecute(DriverCommandExecutor.java:200)
		at org.openqa.selenium.remote.service.DriverCommandExecutor.execute(DriverCommandExecutor.java:175)
		at org.openqa.selenium.remote.RemoteWebDriver.execute(RemoteWebDriver.java:607)
		at org.openqa.selenium.remote.RemoteWebDriver.startSession(RemoteWebDriver.java:241)
		at org.openqa.selenium.remote.RemoteWebDriver.<init>(RemoteWebDriver.java:168)
		at org.openqa.selenium.chromium.ChromiumDriver.<init>(ChromiumDriver.java:108)
		at org.openqa.selenium.edge.EdgeDriver.<init>(EdgeDriver.java:61)
		at org.openqa.selenium.edge.EdgeDriver.<init>(EdgeDriver.java:57)
		at org.openqa.selenium.edge.EdgeDriver.<init>(EdgeDriver.java:49)
		at org.openqa.selenium.edge.EdgeDriver.<init>(EdgeDriver.java:45)
		at StepDefinition.StepDefinition.setup(StepDefinition.java:38)
	Suppressed: java.lang.NullPointerException: Cannot invoke "org.openqa.selenium.TakesScreenshot.getScreenshotAs(org.openqa.selenium.OutputType)" because "ts" is null
		at StepDefinition.StepDefinition.tearDown(StepDefinition.java:52)
]]></failure>
    <system-out><![CDATA[
@Regression
Scenario: Search Customer by Name                                        # Features/CreateCustomerFeature.feature:31
      org.openqa.selenium.SessionNotCreatedException: Could not start a new session. Response code 500. Message: session not created: Microsoft Edge failed to start: crashed.
  (session not created: DevToolsActivePort file doesn't exist)
  (The process started from msedge location C:\Program Files (x86)\Microsoft\Edge\Application\msedge.exe is no longer running, so msedgedriver is assuming that msedge has crashed.) 
Host info: host: 'DESKTOP-QBSHGH8', ip: '192.168.1.5'
Build info: version: '4.15.0', revision: '1d14b5521b'
System info: os.name: 'Windows 10', os.arch: 'amd64', os.version: '10.0', java.version: '17.0.9'
Driver info: org.openqa.selenium.edge.EdgeDriver
Command: [null, newSession {capabilities=[Capabilities {browserName: MicrosoftEdge, ms:edgeOptions: {args: [], binary: C:\Program Files (x86)\Micr..., extensions: []}}]}]
	at org.openqa.selenium.remote.ProtocolHandshake.createSession(ProtocolHandshake.java:140)
	at org.openqa.selenium.remote.ProtocolHandshake.createSession(ProtocolHandshake.java:96)
	at org.openqa.selenium.remote.ProtocolHandshake.createSession(ProtocolHandshake.java:68)
	at org.openqa.selenium.remote.HttpCommandExecutor.execute(HttpCommandExecutor.java:163)
	at org.openqa.selenium.remote.service.DriverCommandExecutor.invokeExecute(DriverCommandExecutor.java:200)
	at org.openqa.selenium.remote.service.DriverCommandExecutor.execute(DriverCommandExecutor.java:175)
	at org.openqa.selenium.remote.RemoteWebDriver.execute(RemoteWebDriver.java:607)
	at org.openqa.selenium.remote.RemoteWebDriver.startSession(RemoteWebDriver.java:241)
	at org.openqa.selenium.remote.RemoteWebDriver.<init>(RemoteWebDriver.java:168)
	at org.openqa.selenium.chromium.ChromiumDriver.<init>(ChromiumDriver.java:108)
	at org.openqa.selenium.edge.EdgeDriver.<init>(EdgeDriver.java:61)
	at org.openqa.selenium.edge.EdgeDriver.<init>(EdgeDriver.java:57)
	at org.openqa.selenium.edge.EdgeDriver.<init>(EdgeDriver.java:49)
	at org.openqa.selenium.edge.EdgeDriver.<init>(EdgeDriver.java:45)
	at StepDefinition.StepDefinition.setup(StepDefinition.java:38)

  Given User launch Chrome browser                                       # StepDefinition.StepDefinition.user_launch_chrome_browser()
  When User opens URL "https://admin-demo.nopcommerce.com/login"         # StepDefinition.StepDefinition.user_opens_url(java.lang.String)
  And User enters Email as "admin@yourstore.com" and Password as "admin" # StepDefinition.StepDefinition.user_enters_email_as_and_password_as(java.lang.String,java.lang.String)
  And User clicks on Login button                                        # StepDefinition.StepDefinition.user_clicks_on_login_button()
  Then User can view Dashboard                                           # StepDefinition.StepDefinition.user_can_view_dashboard()
  When User clicks on Customers menu                                     # StepDefinition.StepDefinition.user_clicks_on_customers_menu()
  And Click on Customers Menu item                                       # StepDefinition.StepDefinition.click_on_customers_menu_item()
  And Enter Customer First Name in search section                        # StepDefinition.StepDefinition.enter_customer_first_name_in_search_section()
  And Enter Customer Last Name in search section                         # StepDefinition.StepDefinition.enter_customer_last_name_in_search_section()
  When Click on search button                                            # StepDefinition.StepDefinition.click_on_search_button()
  Then User should found desired Name in search result table             # StepDefinition.StepDefinition.user_should_found_desired_name_in_search_result_table()
  And Close browser                                                      # StepDefinition.StepDefinition.close_browser()
      java.lang.NullPointerException: Cannot invoke "org.openqa.selenium.TakesScreenshot.getScreenshotAs(org.openqa.selenium.OutputType)" because "ts" is null
	at StepDefinition.StepDefinition.tearDown(StepDefinition.java:52)

]]></system-out>
  </testcase>
  <testcase name="Successfull Login with valid credentials" classname="Login" time="0.605">
    <failure message="Multiple Failures (2 failures)&#10;	org.openqa.selenium.SessionNotCreatedException: Could not start a new session. Response code 500. Message: session not created: Microsoft Edge failed to start: crashed.&#10;  (session not created: DevToolsActivePort file doesn&apos;t exist)&#10;  (The process started from msedge location C:\Program Files (x86)\Microsoft\Edge\Application\msedge.exe is no longer running, so msedgedriver is assuming that msedge has crashed.) &#10;Host info: host: &apos;DESKTOP-QBSHGH8&apos;, ip: &apos;192.168.1.5&apos;&#10;Build info: version: &apos;4.15.0&apos;, revision: &apos;1d14b5521b&apos;&#10;System info: os.name: &apos;Windows 10&apos;, os.arch: &apos;amd64&apos;, os.version: &apos;10.0&apos;, java.version: &apos;17.0.9&apos;&#10;Driver info: org.openqa.selenium.edge.EdgeDriver&#10;Command: [null, newSession {capabilities=[Capabilities {browserName: MicrosoftEdge, ms:edgeOptions: {args: [], binary: C:\Program Files (x86)\Micr..., extensions: []}}]}]&#10;	java.lang.NullPointerException: Cannot invoke &quot;org.openqa.selenium.TakesScreenshot.getScreenshotAs(org.openqa.selenium.OutputType)&quot; because &quot;ts&quot; is null" type="org.opentest4j.MultipleFailuresError"><![CDATA[org.opentest4j.MultipleFailuresError: 
Multiple Failures (2 failures)
	org.openqa.selenium.SessionNotCreatedException: Could not start a new session. Response code 500. Message: session not created: Microsoft Edge failed to start: crashed.
  (session not created: DevToolsActivePort file doesn't exist)
  (The process started from msedge location C:\Program Files (x86)\Microsoft\Edge\Application\msedge.exe is no longer running, so msedgedriver is assuming that msedge has crashed.) 
Host info: host: 'DESKTOP-QBSHGH8', ip: '192.168.1.5'
Build info: version: '4.15.0', revision: '1d14b5521b'
System info: os.name: 'Windows 10', os.arch: 'amd64', os.version: '10.0', java.version: '17.0.9'
Driver info: org.openqa.selenium.edge.EdgeDriver
Command: [null, newSession {capabilities=[Capabilities {browserName: MicrosoftEdge, ms:edgeOptions: {args: [], binary: C:\Program Files (x86)\Micr..., extensions: []}}]}]
	java.lang.NullPointerException: Cannot invoke "org.openqa.selenium.TakesScreenshot.getScreenshotAs(org.openqa.selenium.OutputType)" because "ts" is null
	at io.cucumber.junit.FeatureRunner.runChild(FeatureRunner.java:150)
	at io.cucumber.junit.FeatureRunner.runChild(FeatureRunner.java:28)
	at io.cucumber.junit.FeatureRunner.run(FeatureRunner.java:137)
	at io.cucumber.junit.Cucumber.runChild(Cucumber.java:196)
	at io.cucumber.junit.Cucumber.runChild(Cucumber.java:89)
	at io.cucumber.core.runtime.CucumberExecutionContext.lambda$runFeatures$6(CucumberExecutionContext.java:148)
	at io.cucumber.core.runtime.CucumberExecutionContext.execute(CucumberExecutionContext.java:163)
	at io.cucumber.core.runtime.CucumberExecutionContext.runFeatures(CucumberExecutionContext.java:146)
	at io.cucumber.junit.Cucumber$StartAndFinishTestRun.evaluate(Cucumber.java:226)
	Suppressed: org.openqa.selenium.SessionNotCreatedException: Could not start a new session. Response code 500. Message: session not created: Microsoft Edge failed to start: crashed.
  (session not created: DevToolsActivePort file doesn't exist)
  (The process started from msedge location C:\Program Files (x86)\Microsoft\Edge\Application\msedge.exe is no longer running, so msedgedriver is assuming that msedge has crashed.) 
Host info: host: 'DESKTOP-QBSHGH8', ip: '192.168.1.5'
Build info: version: '4.15.0', revision: '1d14b5521b'
System info: os.name: 'Windows 10', os.arch: 'amd64', os.version: '10.0', java.version: '17.0.9'
Driver info: org.openqa.selenium.edge.EdgeDriver
Command: [null, newSession {capabilities=[Capabilities {browserName: MicrosoftEdge, ms:edgeOptions: {args: [], binary: C:\Program Files (x86)\Micr..., extensions: []}}]}]
		at org.openqa.selenium.remote.ProtocolHandshake.createSession(ProtocolHandshake.java:140)
		at org.openqa.selenium.remote.ProtocolHandshake.createSession(ProtocolHandshake.java:96)
		at org.openqa.selenium.remote.ProtocolHandshake.createSession(ProtocolHandshake.java:68)
		at org.openqa.selenium.remote.HttpCommandExecutor.execute(HttpCommandExecutor.java:163)
		at org.openqa.selenium.remote.service.DriverCommandExecutor.invokeExecute(DriverCommandExecutor.java:200)
		at org.openqa.selenium.remote.service.DriverCommandExecutor.execute(DriverCommandExecutor.java:175)
		at org.openqa.selenium.remote.RemoteWebDriver.execute(RemoteWebDriver.java:607)
		at org.openqa.selenium.remote.RemoteWebDriver.startSession(RemoteWebDriver.java:241)
		at org.openqa.selenium.remote.RemoteWebDriver.<init>(RemoteWebDriver.java:168)
		at org.openqa.selenium.chromium.ChromiumDriver.<init>(ChromiumDriver.java:108)
		at org.openqa.selenium.edge.EdgeDriver.<init>(EdgeDriver.java:61)
		at org.openqa.selenium.edge.EdgeDriver.<init>(EdgeDriver.java:57)
		at org.openqa.selenium.edge.EdgeDriver.<init>(EdgeDriver.java:49)
		at org.openqa.selenium.edge.EdgeDriver.<init>(EdgeDriver.java:45)
		at StepDefinition.StepDefinition.setup(StepDefinition.java:38)
	Suppressed: java.lang.NullPointerException: Cannot invoke "org.openqa.selenium.TakesScreenshot.getScreenshotAs(org.openqa.selenium.OutputType)" because "ts" is null
		at StepDefinition.StepDefinition.tearDown(StepDefinition.java:52)
]]></failure>
    <system-out><![CDATA[
@Sanity @Regression
Scenario: Successfull Login with valid credentials                           # Features/LoginFeature.feature:4
      org.openqa.selenium.SessionNotCreatedException: Could not start a new session. Response code 500. Message: session not created: Microsoft Edge failed to start: crashed.
  (session not created: DevToolsActivePort file doesn't exist)
  (The process started from msedge location C:\Program Files (x86)\Microsoft\Edge\Application\msedge.exe is no longer running, so msedgedriver is assuming that msedge has crashed.) 
Host info: host: 'DESKTOP-QBSHGH8', ip: '192.168.1.5'
Build info: version: '4.15.0', revision: '1d14b5521b'
System info: os.name: 'Windows 10', os.arch: 'amd64', os.version: '10.0', java.version: '17.0.9'
Driver info: org.openqa.selenium.edge.EdgeDriver
Command: [null, newSession {capabilities=[Capabilities {browserName: MicrosoftEdge, ms:edgeOptions: {args: [], binary: C:\Program Files (x86)\Micr..., extensions: []}}]}]
	at org.openqa.selenium.remote.ProtocolHandshake.createSession(ProtocolHandshake.java:140)
	at org.openqa.selenium.remote.ProtocolHandshake.createSession(ProtocolHandshake.java:96)
	at org.openqa.selenium.remote.ProtocolHandshake.createSession(ProtocolHandshake.java:68)
	at org.openqa.selenium.remote.HttpCommandExecutor.execute(HttpCommandExecutor.java:163)
	at org.openqa.selenium.remote.service.DriverCommandExecutor.invokeExecute(DriverCommandExecutor.java:200)
	at org.openqa.selenium.remote.service.DriverCommandExecutor.execute(DriverCommandExecutor.java:175)
	at org.openqa.selenium.remote.RemoteWebDriver.execute(RemoteWebDriver.java:607)
	at org.openqa.selenium.remote.RemoteWebDriver.startSession(RemoteWebDriver.java:241)
	at org.openqa.selenium.remote.RemoteWebDriver.<init>(RemoteWebDriver.java:168)
	at org.openqa.selenium.chromium.ChromiumDriver.<init>(ChromiumDriver.java:108)
	at org.openqa.selenium.edge.EdgeDriver.<init>(EdgeDriver.java:61)
	at org.openqa.selenium.edge.EdgeDriver.<init>(EdgeDriver.java:57)
	at org.openqa.selenium.edge.EdgeDriver.<init>(EdgeDriver.java:49)
	at org.openqa.selenium.edge.EdgeDriver.<init>(EdgeDriver.java:45)
	at StepDefinition.StepDefinition.setup(StepDefinition.java:38)

  Given User launch Chrome browser                                           # StepDefinition.StepDefinition.user_launch_chrome_browser()
  When User opens URL "https://admin-demo.nopcommerce.com/login"             # StepDefinition.StepDefinition.user_opens_url(java.lang.String)
  And User enters Email as "admin@yourstore.com" and Password as "admin"     # StepDefinition.StepDefinition.user_enters_email_as_and_password_as(java.lang.String,java.lang.String)
  And User clicks on Login button                                            # StepDefinition.StepDefinition.user_clicks_on_login_button()
  Then Title of home page should be "Dashboard / nopCommerce administration" # StepDefinition.StepDefinition.title_of_home_page_should_be(java.lang.String)
  When User clicks on Log Out link                                           # StepDefinition.StepDefinition.user_clicks_on_log_out_link()
  Then Title of login page should be "Your store. Login"                     # StepDefinition.StepDefinition.title_of_login_page_should_be(java.lang.String)
  And Close browser                                                          # StepDefinition.StepDefinition.close_browser()
      java.lang.NullPointerException: Cannot invoke "org.openqa.selenium.TakesScreenshot.getScreenshotAs(org.openqa.selenium.OutputType)" because "ts" is null
	at StepDefinition.StepDefinition.tearDown(StepDefinition.java:52)

]]></system-out>
  </testcase>
  <testcase name="Successfull Login with different credentials DDT #1" classname="Login" time="0.57">
    <failure message="Multiple Failures (2 failures)&#10;	org.openqa.selenium.SessionNotCreatedException: Could not start a new session. Response code 500. Message: session not created: Microsoft Edge failed to start: crashed.&#10;  (session not created: DevToolsActivePort file doesn&apos;t exist)&#10;  (The process started from msedge location C:\Program Files (x86)\Microsoft\Edge\Application\msedge.exe is no longer running, so msedgedriver is assuming that msedge has crashed.) &#10;Host info: host: &apos;DESKTOP-QBSHGH8&apos;, ip: &apos;192.168.1.5&apos;&#10;Build info: version: &apos;4.15.0&apos;, revision: &apos;1d14b5521b&apos;&#10;System info: os.name: &apos;Windows 10&apos;, os.arch: &apos;amd64&apos;, os.version: &apos;10.0&apos;, java.version: &apos;17.0.9&apos;&#10;Driver info: org.openqa.selenium.edge.EdgeDriver&#10;Command: [null, newSession {capabilities=[Capabilities {browserName: MicrosoftEdge, ms:edgeOptions: {args: [], binary: C:\Program Files (x86)\Micr..., extensions: []}}]}]&#10;	java.lang.NullPointerException: Cannot invoke &quot;org.openqa.selenium.TakesScreenshot.getScreenshotAs(org.openqa.selenium.OutputType)&quot; because &quot;ts&quot; is null" type="org.opentest4j.MultipleFailuresError"><![CDATA[org.opentest4j.MultipleFailuresError: 
Multiple Failures (2 failures)
	org.openqa.selenium.SessionNotCreatedException: Could not start a new session. Response code 500. Message: session not created: Microsoft Edge failed to start: crashed.
  (session not created: DevToolsActivePort file doesn't exist)
  (The process started from msedge location C:\Program Files (x86)\Microsoft\Edge\Application\msedge.exe is no longer running, so msedgedriver is assuming that msedge has crashed.) 
Host info: host: 'DESKTOP-QBSHGH8', ip: '192.168.1.5'
Build info: version: '4.15.0', revision: '1d14b5521b'
System info: os.name: 'Windows 10', os.arch: 'amd64', os.version: '10.0', java.version: '17.0.9'
Driver info: org.openqa.selenium.edge.EdgeDriver
Command: [null, newSession {capabilities=[Capabilities {browserName: MicrosoftEdge, ms:edgeOptions: {args: [], binary: C:\Program Files (x86)\Micr..., extensions: []}}]}]
	java.lang.NullPointerException: Cannot invoke "org.openqa.selenium.TakesScreenshot.getScreenshotAs(org.openqa.selenium.OutputType)" because "ts" is null
	at io.cucumber.junit.FeatureRunner.runChild(FeatureRunner.java:150)
	at io.cucumber.junit.FeatureRunner.runChild(FeatureRunner.java:28)
	at io.cucumber.junit.FeatureRunner.run(FeatureRunner.java:137)
	at io.cucumber.junit.Cucumber.runChild(Cucumber.java:196)
	at io.cucumber.junit.Cucumber.runChild(Cucumber.java:89)
	at io.cucumber.core.runtime.CucumberExecutionContext.lambda$runFeatures$6(CucumberExecutionContext.java:148)
	at io.cucumber.core.runtime.CucumberExecutionContext.execute(CucumberExecutionContext.java:163)
	at io.cucumber.core.runtime.CucumberExecutionContext.runFeatures(CucumberExecutionContext.java:146)
	at io.cucumber.junit.Cucumber$StartAndFinishTestRun.evaluate(Cucumber.java:226)
	Suppressed: org.openqa.selenium.SessionNotCreatedException: Could not start a new session. Response code 500. Message: session not created: Microsoft Edge failed to start: crashed.
  (session not created: DevToolsActivePort file doesn't exist)
  (The process started from msedge location C:\Program Files (x86)\Microsoft\Edge\Application\msedge.exe is no longer running, so msedgedriver is assuming that msedge has crashed.) 
Host info: host: 'DESKTOP-QBSHGH8', ip: '192.168.1.5'
Build info: version: '4.15.0', revision: '1d14b5521b'
System info: os.name: 'Windows 10', os.arch: 'amd64', os.version: '10.0', java.version: '17.0.9'
Driver info: org.openqa.selenium.edge.EdgeDriver
Command: [null, newSession {capabilities=[Capabilities {browserName: MicrosoftEdge, ms:edgeOptions: {args: [], binary: C:\Program Files (x86)\Micr..., extensions: []}}]}]
		at org.openqa.selenium.remote.ProtocolHandshake.createSession(ProtocolHandshake.java:140)
		at org.openqa.selenium.remote.ProtocolHandshake.createSession(ProtocolHandshake.java:96)
		at org.openqa.selenium.remote.ProtocolHandshake.createSession(ProtocolHandshake.java:68)
		at org.openqa.selenium.remote.HttpCommandExecutor.execute(HttpCommandExecutor.java:163)
		at org.openqa.selenium.remote.service.DriverCommandExecutor.invokeExecute(DriverCommandExecutor.java:200)
		at org.openqa.selenium.remote.service.DriverCommandExecutor.execute(DriverCommandExecutor.java:175)
		at org.openqa.selenium.remote.RemoteWebDriver.execute(RemoteWebDriver.java:607)
		at org.openqa.selenium.remote.RemoteWebDriver.startSession(RemoteWebDriver.java:241)
		at org.openqa.selenium.remote.RemoteWebDriver.<init>(RemoteWebDriver.java:168)
		at org.openqa.selenium.chromium.ChromiumDriver.<init>(ChromiumDriver.java:108)
		at org.openqa.selenium.edge.EdgeDriver.<init>(EdgeDriver.java:61)
		at org.openqa.selenium.edge.EdgeDriver.<init>(EdgeDriver.java:57)
		at org.openqa.selenium.edge.EdgeDriver.<init>(EdgeDriver.java:49)
		at org.openqa.selenium.edge.EdgeDriver.<init>(EdgeDriver.java:45)
		at StepDefinition.StepDefinition.setup(StepDefinition.java:38)
	Suppressed: java.lang.NullPointerException: Cannot invoke "org.openqa.selenium.TakesScreenshot.getScreenshotAs(org.openqa.selenium.OutputType)" because "ts" is null
		at StepDefinition.StepDefinition.tearDown(StepDefinition.java:52)
]]></failure>
    <system-out><![CDATA[
@Regression
Scenario Outline: Successfull Login with different credentials DDT           # Features/LoginFeature.feature:26
      org.openqa.selenium.SessionNotCreatedException: Could not start a new session. Response code 500. Message: session not created: Microsoft Edge failed to start: crashed.
  (session not created: DevToolsActivePort file doesn't exist)
  (The process started from msedge location C:\Program Files (x86)\Microsoft\Edge\Application\msedge.exe is no longer running, so msedgedriver is assuming that msedge has crashed.) 
Host info: host: 'DESKTOP-QBSHGH8', ip: '192.168.1.5'
Build info: version: '4.15.0', revision: '1d14b5521b'
System info: os.name: 'Windows 10', os.arch: 'amd64', os.version: '10.0', java.version: '17.0.9'
Driver info: org.openqa.selenium.edge.EdgeDriver
Command: [null, newSession {capabilities=[Capabilities {browserName: MicrosoftEdge, ms:edgeOptions: {args: [], binary: C:\Program Files (x86)\Micr..., extensions: []}}]}]
	at org.openqa.selenium.remote.ProtocolHandshake.createSession(ProtocolHandshake.java:140)
	at org.openqa.selenium.remote.ProtocolHandshake.createSession(ProtocolHandshake.java:96)
	at org.openqa.selenium.remote.ProtocolHandshake.createSession(ProtocolHandshake.java:68)
	at org.openqa.selenium.remote.HttpCommandExecutor.execute(HttpCommandExecutor.java:163)
	at org.openqa.selenium.remote.service.DriverCommandExecutor.invokeExecute(DriverCommandExecutor.java:200)
	at org.openqa.selenium.remote.service.DriverCommandExecutor.execute(DriverCommandExecutor.java:175)
	at org.openqa.selenium.remote.RemoteWebDriver.execute(RemoteWebDriver.java:607)
	at org.openqa.selenium.remote.RemoteWebDriver.startSession(RemoteWebDriver.java:241)
	at org.openqa.selenium.remote.RemoteWebDriver.<init>(RemoteWebDriver.java:168)
	at org.openqa.selenium.chromium.ChromiumDriver.<init>(ChromiumDriver.java:108)
	at org.openqa.selenium.edge.EdgeDriver.<init>(EdgeDriver.java:61)
	at org.openqa.selenium.edge.EdgeDriver.<init>(EdgeDriver.java:57)
	at org.openqa.selenium.edge.EdgeDriver.<init>(EdgeDriver.java:49)
	at org.openqa.selenium.edge.EdgeDriver.<init>(EdgeDriver.java:45)
	at StepDefinition.StepDefinition.setup(StepDefinition.java:38)

  Given User launch Chrome browser                                           # StepDefinition.StepDefinition.user_launch_chrome_browser()
  When User opens URL "https://admin-demo.nopcommerce.com/login"             # StepDefinition.StepDefinition.user_opens_url(java.lang.String)
  And User enters Email as "admin@yourstore.com" and Password as "admin"     # StepDefinition.StepDefinition.user_enters_email_as_and_password_as(java.lang.String,java.lang.String)
  And User clicks on Login button                                            # StepDefinition.StepDefinition.user_clicks_on_login_button()
  Then Title of home page should be "Dashboard / nopCommerce administration" # StepDefinition.StepDefinition.title_of_home_page_should_be(java.lang.String)
  When User clicks on Log Out link                                           # StepDefinition.StepDefinition.user_clicks_on_log_out_link()
  Then Title of login page should be "Your store. Login"                     # StepDefinition.StepDefinition.title_of_login_page_should_be(java.lang.String)
  And Close browser                                                          # StepDefinition.StepDefinition.close_browser()
      java.lang.NullPointerException: Cannot invoke "org.openqa.selenium.TakesScreenshot.getScreenshotAs(org.openqa.selenium.OutputType)" because "ts" is null
	at StepDefinition.StepDefinition.tearDown(StepDefinition.java:52)

]]></system-out>
  </testcase>
  <testcase name="Successfull Login with different credentials DDT #2" classname="Login" time="0.503">
    <failure message="Multiple Failures (2 failures)&#10;	org.openqa.selenium.SessionNotCreatedException: Could not start a new session. Response code 500. Message: session not created: Microsoft Edge failed to start: crashed.&#10;  (session not created: DevToolsActivePort file doesn&apos;t exist)&#10;  (The process started from msedge location C:\Program Files (x86)\Microsoft\Edge\Application\msedge.exe is no longer running, so msedgedriver is assuming that msedge has crashed.) &#10;Host info: host: &apos;DESKTOP-QBSHGH8&apos;, ip: &apos;192.168.1.5&apos;&#10;Build info: version: &apos;4.15.0&apos;, revision: &apos;1d14b5521b&apos;&#10;System info: os.name: &apos;Windows 10&apos;, os.arch: &apos;amd64&apos;, os.version: &apos;10.0&apos;, java.version: &apos;17.0.9&apos;&#10;Driver info: org.openqa.selenium.edge.EdgeDriver&#10;Command: [null, newSession {capabilities=[Capabilities {browserName: MicrosoftEdge, ms:edgeOptions: {args: [], binary: C:\Program Files (x86)\Micr..., extensions: []}}]}]&#10;	java.lang.NullPointerException: Cannot invoke &quot;org.openqa.selenium.TakesScreenshot.getScreenshotAs(org.openqa.selenium.OutputType)&quot; because &quot;ts&quot; is null" type="org.opentest4j.MultipleFailuresError"><![CDATA[org.opentest4j.MultipleFailuresError: 
Multiple Failures (2 failures)
	org.openqa.selenium.SessionNotCreatedException: Could not start a new session. Response code 500. Message: session not created: Microsoft Edge failed to start: crashed.
  (session not created: DevToolsActivePort file doesn't exist)
  (The process started from msedge location C:\Program Files (x86)\Microsoft\Edge\Application\msedge.exe is no longer running, so msedgedriver is assuming that msedge has crashed.) 
Host info: host: 'DESKTOP-QBSHGH8', ip: '192.168.1.5'
Build info: version: '4.15.0', revision: '1d14b5521b'
System info: os.name: 'Windows 10', os.arch: 'amd64', os.version: '10.0', java.version: '17.0.9'
Driver info: org.openqa.selenium.edge.EdgeDriver
Command: [null, newSession {capabilities=[Capabilities {browserName: MicrosoftEdge, ms:edgeOptions: {args: [], binary: C:\Program Files (x86)\Micr..., extensions: []}}]}]
	java.lang.NullPointerException: Cannot invoke "org.openqa.selenium.TakesScreenshot.getScreenshotAs(org.openqa.selenium.OutputType)" because "ts" is null
	at io.cucumber.junit.FeatureRunner.runChild(FeatureRunner.java:150)
	at io.cucumber.junit.FeatureRunner.runChild(FeatureRunner.java:28)
	at io.cucumber.junit.FeatureRunner.run(FeatureRunner.java:137)
	at io.cucumber.junit.Cucumber.runChild(Cucumber.java:196)
	at io.cucumber.junit.Cucumber.runChild(Cucumber.java:89)
	at io.cucumber.core.runtime.CucumberExecutionContext.lambda$runFeatures$6(CucumberExecutionContext.java:148)
	at io.cucumber.core.runtime.CucumberExecutionContext.execute(CucumberExecutionContext.java:163)
	at io.cucumber.core.runtime.CucumberExecutionContext.runFeatures(CucumberExecutionContext.java:146)
	at io.cucumber.junit.Cucumber$StartAndFinishTestRun.evaluate(Cucumber.java:226)
	Suppressed: org.openqa.selenium.SessionNotCreatedException: Could not start a new session. Response code 500. Message: session not created: Microsoft Edge failed to start: crashed.
  (session not created: DevToolsActivePort file doesn't exist)
  (The process started from msedge location C:\Program Files (x86)\Microsoft\Edge\Application\msedge.exe is no longer running, so msedgedriver is assuming that msedge has crashed.) 
Host info: host: 'DESKTOP-QBSHGH8', ip: '192.168.1.5'
Build info: version: '4.15.0', revision: '1d14b5521b'
System info: os.name: 'Windows 10', os.arch: 'amd64', os.version: '10.0', java.version: '17.0.9'
Driver info: org.openqa.selenium.edge.EdgeDriver
Command: [null, newSession {capabilities=[Capabilities {browserName: MicrosoftEdge, ms:edgeOptions: {args: [], binary: C:\Program Files (x86)\Micr..., extensions: []}}]}]
		at org.openqa.selenium.remote.ProtocolHandshake.createSession(ProtocolHandshake.java:140)
		at org.openqa.selenium.remote.ProtocolHandshake.createSession(ProtocolHandshake.java:96)
		at org.openqa.selenium.remote.ProtocolHandshake.createSession(ProtocolHandshake.java:68)
		at org.openqa.selenium.remote.HttpCommandExecutor.execute(HttpCommandExecutor.java:163)
		at org.openqa.selenium.remote.service.DriverCommandExecutor.invokeExecute(DriverCommandExecutor.java:200)
		at org.openqa.selenium.remote.service.DriverCommandExecutor.execute(DriverCommandExecutor.java:175)
		at org.openqa.selenium.remote.RemoteWebDriver.execute(RemoteWebDriver.java:607)
		at org.openqa.selenium.remote.RemoteWebDriver.startSession(RemoteWebDriver.java:241)
		at org.openqa.selenium.remote.RemoteWebDriver.<init>(RemoteWebDriver.java:168)
		at org.openqa.selenium.chromium.ChromiumDriver.<init>(ChromiumDriver.java:108)
		at org.openqa.selenium.edge.EdgeDriver.<init>(EdgeDriver.java:61)
		at org.openqa.selenium.edge.EdgeDriver.<init>(EdgeDriver.java:57)
		at org.openqa.selenium.edge.EdgeDriver.<init>(EdgeDriver.java:49)
		at org.openqa.selenium.edge.EdgeDriver.<init>(EdgeDriver.java:45)
		at StepDefinition.StepDefinition.setup(StepDefinition.java:38)
	Suppressed: java.lang.NullPointerException: Cannot invoke "org.openqa.selenium.TakesScreenshot.getScreenshotAs(org.openqa.selenium.OutputType)" because "ts" is null
		at StepDefinition.StepDefinition.tearDown(StepDefinition.java:52)
]]></failure>
    <system-out><![CDATA[
@Regression
Scenario Outline: Successfull Login with different credentials DDT           # Features/LoginFeature.feature:27
      org.openqa.selenium.SessionNotCreatedException: Could not start a new session. Response code 500. Message: session not created: Microsoft Edge failed to start: crashed.
  (session not created: DevToolsActivePort file doesn't exist)
  (The process started from msedge location C:\Program Files (x86)\Microsoft\Edge\Application\msedge.exe is no longer running, so msedgedriver is assuming that msedge has crashed.) 
Host info: host: 'DESKTOP-QBSHGH8', ip: '192.168.1.5'
Build info: version: '4.15.0', revision: '1d14b5521b'
System info: os.name: 'Windows 10', os.arch: 'amd64', os.version: '10.0', java.version: '17.0.9'
Driver info: org.openqa.selenium.edge.EdgeDriver
Command: [null, newSession {capabilities=[Capabilities {browserName: MicrosoftEdge, ms:edgeOptions: {args: [], binary: C:\Program Files (x86)\Micr..., extensions: []}}]}]
	at org.openqa.selenium.remote.ProtocolHandshake.createSession(ProtocolHandshake.java:140)
	at org.openqa.selenium.remote.ProtocolHandshake.createSession(ProtocolHandshake.java:96)
	at org.openqa.selenium.remote.ProtocolHandshake.createSession(ProtocolHandshake.java:68)
	at org.openqa.selenium.remote.HttpCommandExecutor.execute(HttpCommandExecutor.java:163)
	at org.openqa.selenium.remote.service.DriverCommandExecutor.invokeExecute(DriverCommandExecutor.java:200)
	at org.openqa.selenium.remote.service.DriverCommandExecutor.execute(DriverCommandExecutor.java:175)
	at org.openqa.selenium.remote.RemoteWebDriver.execute(RemoteWebDriver.java:607)
	at org.openqa.selenium.remote.RemoteWebDriver.startSession(RemoteWebDriver.java:241)
	at org.openqa.selenium.remote.RemoteWebDriver.<init>(RemoteWebDriver.java:168)
	at org.openqa.selenium.chromium.ChromiumDriver.<init>(ChromiumDriver.java:108)
	at org.openqa.selenium.edge.EdgeDriver.<init>(EdgeDriver.java:61)
	at org.openqa.selenium.edge.EdgeDriver.<init>(EdgeDriver.java:57)
	at org.openqa.selenium.edge.EdgeDriver.<init>(EdgeDriver.java:49)
	at org.openqa.selenium.edge.EdgeDriver.<init>(EdgeDriver.java:45)
	at StepDefinition.StepDefinition.setup(StepDefinition.java:38)

  Given User launch Chrome browser                                           # StepDefinition.StepDefinition.user_launch_chrome_browser()
  When User opens URL "https://admin-demo.nopcommerce.com/login"             # StepDefinition.StepDefinition.user_opens_url(java.lang.String)
  And User enters Email as "Sazam@yourstore.com" and Password as "sazam"     # StepDefinition.StepDefinition.user_enters_email_as_and_password_as(java.lang.String,java.lang.String)
  And User clicks on Login button                                            # StepDefinition.StepDefinition.user_clicks_on_login_button()
  Then Title of home page should be "Dashboard / nopCommerce administration" # StepDefinition.StepDefinition.title_of_home_page_should_be(java.lang.String)
  When User clicks on Log Out link                                           # StepDefinition.StepDefinition.user_clicks_on_log_out_link()
  Then Title of login page should be "Your store. Login"                     # StepDefinition.StepDefinition.title_of_login_page_should_be(java.lang.String)
  And Close browser                                                          # StepDefinition.StepDefinition.close_browser()
      java.lang.NullPointerException: Cannot invoke "org.openqa.selenium.TakesScreenshot.getScreenshotAs(org.openqa.selenium.OutputType)" because "ts" is null
	at StepDefinition.StepDefinition.tearDown(StepDefinition.java:52)

]]></system-out>
  </testcase>
</testsuite>